<?xml version="1.0" encoding="UTF-8"?>
<testsuite xmlns:xsi="http://www.w3.org/2001/XMLSchema-instance" xsi:noNamespaceSchemaLocation="https://maven.apache.org/surefire/maven-surefire-plugin/xsd/surefire-test-report.xsd" version="3.0.2" name="com.stayease.gateway.security.JwtServiceTest" time="2.394" tests="4" errors="0" skipped="0" failures="0" flakes="0">
  <properties>
[...]
</properties>
  <testcase name="parseRejectsAnExpiredToken" classname="com.stayease.gateway.security.JwtServiceTest" time="2.169"/>
  <testcase name="parseRejectsAForgedSignature" classname="com.stayease.gateway.security.JwtServiceTest" time="0.038"/>
  <testcase name="parseRejectsGarbage" classname="com.stayease.gateway.security.JwtServiceTest" time="0.01"/>
  <testcase name="parseReturnsClaimsForAValidToken" classname="com.stayease.gateway.security.JwtServiceTest" time="0.044"/>
</testsuite>