<?xml version="1.0" encoding="UTF-8"?>
<testsuite xmlns:xsi="http://www.w3.org/2001/XMLSchema-instance" xsi:noNamespaceSchemaLocation="https://maven.apache.org/surefire/maven-surefire-plugin/xsd/surefire-test-report.xsd" version="3.0.2" name="com.stayease.property.service.AvailabilityCalendarServiceImplTest" time="7.586" tests="10" errors="0" skipped="0" failures="0" flakes="0">
  <properties>
[...]
</properties>
  <testcase name="createAllowsToday" classname="com.stayease.property.service.AvailabilityCalendarServiceImplTest" time="7.126">
    <system-err><![CDATA[Mockito is currently self-attaching to enable the inline-mock-maker. This will no longer work in future releases of the JDK. Please add Mockito as an agent to your build as described in Mockito's documentation: https://javadoc.io/doc/org.mockito/mockito-core/latest/org.mockito/org/mockito/Mockito.html#0.3
WARNING: A Java agent has been loaded dynamically (C:\Users\2506580\.m2\repository\net\bytebuddy\byte-buddy-agent\1.17.8\byte-buddy-agent-1.17.8.jar)
WARNING: If a serviceability tool is in use, please run with -XX:+EnableDynamicAgentLoading to hide this warning
WARNING: If a serviceability tool is not in use, please run with -Djdk.instrument.traceUsage for more information
WARNING: Dynamic loading of agents will be disallowed by default in a future release
]]></system-err>
  </testcase>
  <testcase name="getByIdThrowsWhenMissing" classname="com.stayease.property.service.AvailabilityCalendarServiceImplTest" time="0.057"/>
  <testcase name="createRejectsADuplicateDay" classname="com.stayease.property.service.AvailabilityCalendarServiceImplTest" time="0.077"/>
  <testcase name="createAllowsAFutureDate" classname="com.stayease.property.service.AvailabilityCalendarServiceImplTest" time="0.035"/>
  <testcase name="createRejectsAPastDate" classname="com.stayease.property.service.AvailabilityCalendarServiceImplTest" time="0.025"/>
  <testcase name="createDefaultsToAvailable" classname="com.stayease.property.service.AvailabilityCalendarServiceImplTest" time="0.029"/>
  <testcase name="updateRejectsEditingAPastDay" classname="com.stayease.property.service.AvailabilityCalendarServiceImplTest" time="0.033"/>
  <testcase name="updateAllowsAFutureDay" classname="com.stayease.property.service.AvailabilityCalendarServiceImplTest" time="0.025"/>
  <testcase name="createRequiresARealProperty" classname="com.stayease.property.service.AvailabilityCalendarServiceImplTest" time="0.016"/>
  <testcase name="updateRejectsMovingADayIntoThePast" classname="com.stayease.property.service.AvailabilityCalendarServiceImplTest" time="0.025"/>
</testsuite>